Start building sites … 
hugo v0.145.0+extended+withdeploy darwin/arm64 BuildDate=2025-02-26T15:41:25Z VendorInfo=brew

INFO  static: syncing static files to / duration 23.247084ms
INFO  build:  step process substep collect files 1110 files_total 1110 pages_total 1036 resources_total 74 duration 32.723167ms
INFO  build:  step process duration 32.938833ms
INFO  build:  step assemble duration 17.3075ms
DEBUG Write redirect to main language zh: https://TLmao.github.io/shangmai/zh/
INFO  build:  step render substep pages site zh outputFormat html duration 22.577667ms
INFO  build:  step render substep pages site zh outputFormat json duration 25.6455ms
INFO  build:  step render substep pages site zh outputFormat rss duration 13.219333ms
INFO  build:  step render substep pages site en outputFormat html duration 15.260458ms
INFO  build:  step render substep pages site en outputFormat json duration 28.028042ms
INFO  build:  step render substep pages site en outputFormat rss duration 9.369875ms
INFO  build:  step render substep pages site ja outputFormat html duration 21.298084ms
INFO  build:  step render substep pages site ja outputFormat json duration 23.831916ms
INFO  build:  step render substep pages site ja outputFormat rss duration 9.937542ms
INFO  build:  step render substep pages site ms outputFormat html duration 24.968416ms
INFO  build:  step render substep pages site ms outputFormat json duration 25.2275ms
INFO  build:  step render substep pages site ms outputFormat rss duration 9.421459ms
INFO  build:  step render pages 1298 content 1880 duration 233.736292ms
INFO  build:  step render deferred count 0 duration 1.75µs
INFO  build:  step postProcess duration 8.458µs
INFO  build:  duration 284.731833ms

                   | ZH | EN | JA | MS  
-------------------+----+----+----+-----
  Pages            | 52 | 51 | 54 | 53  
  Paginator pages  |  0 |  0 |  0 |  0  
  Non-page files   | 74 | 74 | 74 | 74  
  Static files     | 21 | 21 | 21 | 21  
  Processed images |  0 |  0 |  0 |  0  
  Aliases          |  1 |  0 |  0 |  0  
  Cleaned          |  0 |  0 |  0 |  0  

Total in 309 ms
